[ 470, 450, 450 ] [ 250, 220, 120 ]
node:events:491
      throw er; // Unhandled 'error' event
      ^

Error: listen EPERM: operation not permitted 0.0.0.0:5000
    at Server.setupListenHandle [as _listen2] (node:net:1446:21)
    at listenInCluster (node:net:1511:12)
    at Server.listen (node:net:1599:7)
    at Object.<anonymous> (/home/ahmad/Downloads/projects/3dprintjordan/zaccord/app.js:726:8)
    at Module._compile (node:internal/modules/cjs/loader:1198:14)
    at Object.Module._extensions..js (node:internal/modules/cjs/loader:1252:10)
    at Module.load (node:internal/modules/cjs/loader:1076:32)
    at Function.Module._load (node:internal/modules/cjs/loader:911:12)
    at Function.executeUserEntryPoint [as runMain] (node:internal/modules/run_main:81:12)
    at node:internal/main/run_main_module:22:47
Emitted 'error' event on Server instance at:
    at emitErrorNT (node:net:1490:8)
    at processTicksAndRejections (node:internal/process/task_queues:83:21) {
  code: 'EPERM',
  errno: -1,
  syscall: 'listen',
  address: '0.0.0.0',
  port: 5000
}
